Removed Pin From Net: NetName=TXD3 Pin=C8-2
Removed Pin From Net: NetName=RXD3 Pin=C15-2
Removed Member From Class: ClassName=Sheet2 Member=C8
Removed Member From Class: ClassName=Sheet2 Member=C15
Added Component: Designator=U2(RHF76-052)
Add component. Clean all parameters for all variants
Added Pin To Net: NetName=NetC1_1 Pin=U2-1
Added Pin To Net: NetName=GND Pin=U2-2
Added Pin To Net: NetName=RH_RX1 Pin=U2-4
Added Pin To Net: NetName=RH_TX1 Pin=U2-5
Added Pin To Net: NetName=RH_DIO Pin=U2-12
Added Pin To Net: NetName=RH_CLK Pin=U2-13
Added Pin To Net: NetName=NetSW4_2 Pin=U2-14
Added Pin To Net: NetName=NetR6_1 Pin=U2-16
Added Pin To Net: NetName=GND Pin=U2-17
Added Pin To Net: NetName=GND Pin=U2-18
Added Pin To Net: NetName=GND Pin=U2-19
Added Pin To Net: NetName=NetR4_1 Pin=U2-21
Added Pin To Net: NetName=RH_TX Pin=U2-22
Added Pin To Net: NetName=RH_RX Pin=U2-23
Added Pin To Net: NetName=RH_RST Pin=U2-27
Added Pin To Net: NetName=RH_PA0 Pin=U2-28
Added Pin To Net: NetName=GND Pin=U2-29
Added Pin To Net: NetName=GND Pin=U2-31
Added Pin To Net: NetName=NetA1_1 Pin=U2-32
Added Pin To Net: NetName=GND Pin=U2-33
Added Pin To Net: NetName=TXD3 Pin=U7-1
Added Pin To Net: NetName=RXD3 Pin=U7-4
Added Member To Class: ClassName=Sheet2 Member=Component U2 RHF76-052
Added Room: Name=Sheet2
