Change Component Comment : Designator=R10 Old Comment=1K New Comment=100
Change Component Comment : Designator=R9 Old Comment=10K New Comment=100
Change Component Comment : Designator=IC2 Old Comment=HT7333 New Comment=HT133
Change Component Designator: OldDesignator=C1 NewDesignator=C2
Change Component Designator: OldDesignator=C2 NewDesignator=C1
Change Component Designator: OldDesignator=C5_1 NewDesignator=C3
Change Component Designator: OldDesignator=C8_1 NewDesignator=C4
Change Component Designator: OldDesignator=C9 NewDesignator=C6
Change Component Designator: OldDesignator=C11 NewDesignator=C17
Change Component Designator: OldDesignator=C12 NewDesignator=C18
Change Component Designator: OldDesignator=C14 NewDesignator=C19
Change Component Designator: OldDesignator=C16 NewDesignator=C10
Change Component Designator: OldDesignator=C17 NewDesignator=C11
Change Component Designator: OldDesignator=C18 NewDesignator=C9
Change Component Designator: OldDesignator=C19 NewDesignator=C12
Change Component Designator: OldDesignator=C20 NewDesignator=C13
Change Component Designator: OldDesignator=R1 NewDesignator=R2
Change Component Designator: OldDesignator=R2 NewDesignator=R1
Change Component Designator: OldDesignator=R3 NewDesignator=R4
Change Component Designator: OldDesignator=R4 NewDesignator=R3
Change Component Designator: OldDesignator=R12 NewDesignator=R8
Change Component Designator: OldDesignator=R13 NewDesignator=R7
Change Component Designator: OldDesignator=R14 NewDesignator=R11
Change Component Designator: OldDesignator=R15 NewDesignator=R12
Change Component Designator: OldDesignator=R16 NewDesignator=R13
Added Component: Designator=C14(Tu_Nhom)
Add component. Clean all parameters for all variants
Add component (AddParameter): Name = "LatestRevisionDate"; Value = "17-Jul-2002"; VariantName = "[No Variations]"
Add component (AddParameter): Name = "LatestRevisionNote"; Value = "Re-released for DXP Platform."; VariantName = "[No Variations]"
Add component (AddParameter): Name = "PackageReference"; Value = "POLAR0.8"; VariantName = "[No Variations]"
Add component (AddParameter): Name = "Parameter 1"; Value = ""; VariantName = "[No Variations]"
Add component (AddParameter): Name = "Published"; Value = "8-Jun-2000"; VariantName = "[No Variations]"
Add component (AddParameter): Name = "Publisher"; Value = "Altium Limited"; VariantName = "[No Variations]"
Added Component: Designator=C16(CAP 0805)
Add component. Clean all parameters for all variants
Add component (AddParameter): Name = "Value"; Value = "103"; VariantName = "[No Variations]"
Added Component: Designator=R14(RES 0805/2012)
Add component. Clean all parameters for all variants
Add component (AddParameter): Name = "Value"; Value = "1K"; VariantName = "[No Variations]"
Added Component: Designator=R15(RES 0805/2012)
Add component. Clean all parameters for all variants
Add component (AddParameter): Name = "Value"; Value = "1K"; VariantName = "[No Variations]"
Added Pin To Net: NetName=NetC1_1 Pin=C1-1
Added Pin To Net: NetName=GND Pin=C1-2
Added Pin To Net: NetName=GND Pin=C2-1
Added Pin To Net: NetName=NetC1_1 Pin=C2-2
Added Pin To Net: NetName=GND Pin=C3-1
Added Pin To Net: NetName=RST Pin=C3-2
Added Pin To Net: NetName=VCC Pin=C4-1
Added Pin To Net: NetName=GND Pin=C4-2
Added Pin To Net: NetName=VCC Pin=C6-1
Added Pin To Net: NetName=GND Pin=C6-2
Added Pin To Net: NetName=VCC Pin=C9-1
Added Pin To Net: NetName=GND Pin=C9-2
Added Pin To Net: NetName=Vin Pin=C10-1
Added Pin To Net: NetName=GND Pin=C10-2
Added Pin To Net: NetName=Vin Pin=C11-1
Added Pin To Net: NetName=GND Pin=C11-2
Added Pin To Net: NetName=VCC Pin=C12-1
Added Pin To Net: NetName=GND Pin=C12-2
Added Pin To Net: NetName=VCC Pin=C13-1
Added Pin To Net: NetName=GND Pin=C13-2
Added Pin To Net: NetName=Vin Pin=C14-1
Added Pin To Net: NetName=GND Pin=C14-2
Added Pin To Net: NetName=NetC16_1 Pin=C16-1
Added Pin To Net: NetName=GND Pin=C16-2
Added Pin To Net: NetName=NetC17_1 Pin=C17-1
Added Pin To Net: NetName=GND Pin=C17-2
Added Pin To Net: NetName=NetC18_1 Pin=C18-1
Added Pin To Net: NetName=GND Pin=C18-2
Added Pin To Net: NetName=ADC Pin=C19-1
Added Pin To Net: NetName=GND Pin=C19-2
Added Pin To Net: NetName=VCC Pin=IC1-1
Added Pin To Net: NetName=RST Pin=IC1-7
Added Pin To Net: NetName=GND Pin=IC1-8
Added Pin To Net: NetName=VCC Pin=IC1-9
Added Pin To Net: NetName=RXD2 Pin=IC1-12
Added Pin To Net: NetName=TXD2 Pin=IC1-13
Added Pin To Net: NetName=NetIC1_14 Pin=IC1-14
Added Pin To Net: NetName=RH_EN Pin=IC1-15
Added Pin To Net: NetName=SHT75_EN Pin=IC1-16
Added Pin To Net: NetName=ADC_EN Pin=IC1-17
Added Pin To Net: NetName=ADC Pin=IC1-18
Added Pin To Net: NetName=MOSITURE EN Pin=IC1-19
Added Pin To Net: NetName=NetIC1_20 Pin=IC1-20
Added Pin To Net: NetName=TXD3 Pin=IC1-21
Added Pin To Net: NetName=RXD3 Pin=IC1-22
Added Pin To Net: NetName=GND Pin=IC1-23
Added Pin To Net: NetName=VCC Pin=IC1-24
Added Pin To Net: NetName=SCK Pin=IC1-25
Added Pin To Net: NetName=DATA Pin=IC1-26
Added Pin To Net: NetName=RE Pin=IC1-27
Added Pin To Net: NetName=DE Pin=IC1-28
Added Pin To Net: NetName=TXD1 Pin=IC1-30
Added Pin To Net: NetName=RXD1 Pin=IC1-31
Added Pin To Net: NetName=DIO Pin=IC1-34
Added Pin To Net: NetName=GND Pin=IC1-35
Added Pin To Net: NetName=VCC Pin=IC1-36
Added Pin To Net: NetName=CLK Pin=IC1-37
Added Pin To Net: NetName=RH_PA0 Pin=IC1-38
Added Pin To Net: NetName=RH_RST Pin=IC1-39
Added Pin To Net: NetName=I2C_EN Pin=IC1-41
Added Pin To Net: NetName=SCL Pin=IC1-42
Added Pin To Net: NetName=SDA Pin=IC1-43
Added Pin To Net: NetName=NetIC1_44 Pin=IC1-44
Added Pin To Net: NetName=GND Pin=IC1-47
Added Pin To Net: NetName=VCC Pin=IC1-48
Added Pin To Net: NetName=GND Pin=IC2-1
Added Pin To Net: NetName=Vin Pin=IC2-2
Added Pin To Net: NetName=VCC Pin=IC2-3
Added Pin To Net: NetName=Vin Pin=IC2-4
Added Pin To Net: NetName=VCC Pin=LED1-1
Added Pin To Net: NetName=NetLED1_2 Pin=LED1-2
Added Pin To Net: NetName=VCC Pin=LED2-1
Added Pin To Net: NetName=NetLED2_2 Pin=LED2-2
Added Pin To Net: NetName=Vin Pin=P2-1
Added Pin To Net: NetName=Vin Pin=P2-2
Added Pin To Net: NetName=GND Pin=P2-3
Added Pin To Net: NetName=GND Pin=P2-4
Added Pin To Net: NetName=DIO Pin=P2-5
Added Pin To Net: NetName=TXD1 Pin=P2-6
Added Pin To Net: NetName=CLK Pin=P2-7
Added Pin To Net: NetName=RXD1 Pin=P2-8
Added Pin To Net: NetName=RST Pin=P2-9
Added Pin To Net: NetName=RST Pin=R1-1
Added Pin To Net: NetName=VCC Pin=R1-2
Added Pin To Net: NetName=NetR2_1 Pin=R2-1
Added Pin To Net: NetName=RH_EN Pin=R2-2
Added Pin To Net: NetName=GND Pin=R3-1
Added Pin To Net: NetName=NetIC1_44 Pin=R3-2
Added Pin To Net: NetName=NetR4_1 Pin=R4-1
Added Pin To Net: NetName=NetLED1_2 Pin=R4-2
Added Pin To Net: NetName=NetIC1_20 Pin=R5-1
Added Pin To Net: NetName=GND Pin=R5-2
Added Pin To Net: NetName=NetR6_1 Pin=R6-1
Added Pin To Net: NetName=NetLED2_2 Pin=R6-2
Added Pin To Net: NetName=NetQ1_2 Pin=R7-1
Added Pin To Net: NetName=Vin Pin=R7-2
Added Pin To Net: NetName=NetR8_1 Pin=R8-1
Added Pin To Net: NetName=SHT75_EN Pin=R8-2
Added Pin To Net: NetName=NetR9_1 Pin=R9-1
Added Pin To Net: NetName=I2C_EN Pin=R9-2
Added Pin To Net: NetName=NetR10_1 Pin=R10-1
Added Pin To Net: NetName=MOSITURE EN Pin=R10-2
Added Pin To Net: NetName=NetQ1_3 Pin=R11-1
Added Pin To Net: NetName=ADC_EN Pin=R11-2
Added Pin To Net: NetName=DATA Pin=R12-1
Added Pin To Net: NetName=VCC Pin=R12-2
Added Pin To Net: NetName=SCK Pin=R13-1
Added Pin To Net: NetName=VCC Pin=R13-2
Added Pin To Net: NetName=SDA Pin=R14-1
Added Pin To Net: NetName=VCC Pin=R14-2
Added Pin To Net: NetName=SCL Pin=R15-1
Added Pin To Net: NetName=VCC Pin=R15-2
Added Pin To Net: NetName=NetC1_1 Pin=U2-1
Added Pin To Net: NetName=GND Pin=U2-2
Added Pin To Net: NetName=RH_RX1 Pin=U2-4
Added Pin To Net: NetName=RH_TX1 Pin=U2-5
Added Pin To Net: NetName=RH_DIO Pin=U2-12
Added Pin To Net: NetName=RH_CLK Pin=U2-13
Added Pin To Net: NetName=NetSW4_2 Pin=U2-14
Added Pin To Net: NetName=NetR6_1 Pin=U2-16
Added Pin To Net: NetName=GND Pin=U2-17
Added Pin To Net: NetName=GND Pin=U2-18
Added Pin To Net: NetName=GND Pin=U2-19
Added Pin To Net: NetName=NetR4_1 Pin=U2-21
Added Pin To Net: NetName=RH_TX Pin=U2-22
Added Pin To Net: NetName=RH_RX Pin=U2-23
Added Pin To Net: NetName=RH_RST Pin=U2-27
Added Pin To Net: NetName=RH_PA0 Pin=U2-28
Added Pin To Net: NetName=GND Pin=U2-29
Added Pin To Net: NetName=GND Pin=U2-31
Added Pin To Net: NetName=NetA1_1 Pin=U2-32
Added Pin To Net: NetName=GND Pin=U2-33
Added Member To Class: ClassName=Sheet2 Member=Component C9 470uF
Added Member To Class: ClassName=Sheet2 Member=Component C18 104
Added Member To Class: ClassName=Sheet2 Member=Component C19 104
Added Room: Name=Sheet2
