Removed Pin From Net: NetName=NetC14_1 Pin=J3-1
Removed Pin From Net: NetName=NetC16_1 Pin=J4-1
Removed Pin From Net: NetName=NetC14_1 Pin=U5-2
Removed Pin From Net: NetName=NetC16_1 Pin=U6-2
Removed Pin From Net: NetName=TXD3 Pin=U7-1
Removed Pin From Net: NetName=RXD3 Pin=U7-4
Added Component: Designator=C8(JP2-CLOSED)
Add component. Clean all parameters for all variants
Add component (AddParameter): Name = "ComponentLink1 Description"; Value = "Manufacturer"; VariantName = "[No Variations]"
Add component (AddParameter): Name = "ComponentLink1URL"; Value = "http://www.we-online.com"; VariantName = "[No Variations]"
Add component (AddParameter): Name = "ComponentLink2 Description"; Value = "Datasheet"; VariantName = "[No Variations]"
Add component (AddParameter): Name = "ComponentLink2URL"; Value = "http://katalog.we-online.de/em/datasheet/6130xx143121.pdf"; VariantName = "[No Variations]"
Add component (AddParameter): Name = "Created by"; Value = "Karrer Zheng"; VariantName = "[No Variations]"
Add component (AddParameter): Name = "Created Date"; Value = "29 March 2013"; VariantName = "[No Variations]"
Add component (AddParameter): Name = "Manufacturer"; Value = "W¨¹rth Elektronik eiSos GmbH"; VariantName = "[No Variations]"
Add component (AddParameter): Name = "NoPins"; Value = "02"; VariantName = "[No Variations]"
Add component (AddParameter): Name = "partNo"; Value = "613002143121"; VariantName = "[No Variations]"
Added Component: Designator=C15(JP2-CLOSED)
Add component. Clean all parameters for all variants
Add component (AddParameter): Name = "ComponentLink1 Description"; Value = "Manufacturer"; VariantName = "[No Variations]"
Add component (AddParameter): Name = "ComponentLink1URL"; Value = "http://www.we-online.com"; VariantName = "[No Variations]"
Add component (AddParameter): Name = "ComponentLink2 Description"; Value = "Datasheet"; VariantName = "[No Variations]"
Add component (AddParameter): Name = "ComponentLink2URL"; Value = "http://katalog.we-online.de/em/datasheet/6130xx143121.pdf"; VariantName = "[No Variations]"
Add component (AddParameter): Name = "Created by"; Value = "Karrer Zheng"; VariantName = "[No Variations]"
Add component (AddParameter): Name = "Created Date"; Value = "29 March 2013"; VariantName = "[No Variations]"
Add component (AddParameter): Name = "Manufacturer"; Value = "W¨¹rth Elektronik eiSos GmbH"; VariantName = "[No Variations]"
Add component (AddParameter): Name = "NoPins"; Value = "02"; VariantName = "[No Variations]"
Add component (AddParameter): Name = "partNo"; Value = "613002143121"; VariantName = "[No Variations]"
Added Pin To Net: NetName=NetC14_1 Pin=C8-1
Added Pin To Net: NetName=TXD3 Pin=C8-2
Added Pin To Net: NetName=RXD3 Pin=C15-2
Added Pin To Net: NetName=NetC16_1 Pin=J3-1
Added Pin To Net: NetName=NetC16_1 Pin=U5-2
Added Pin To Net: NetName=NetC14_1 Pin=U7-1
Change Net Name : Old Net Name=NetC14_1 New Net Name=RO
Change Net Name : Old Net Name=NetC15_1 New Net Name=NetC17_1
Added Pin To Net: NetName=DI Pin=C15-1
Added Pin To Net: NetName=DI Pin=U7-4
Added Net: Name=DI
Added Pin To Net: NetName=NetC18_1 Pin=J4-1
Added Pin To Net: NetName=NetC18_1 Pin=U6-2
Added Net: Name=NetC18_1
Added Member To Class: ClassName=Sheet2 Member=Component C8 JP2
Added Member To Class: ClassName=Sheet2 Member=Component C15 JP2
