Removed Pin From Net: NetName=Vin Pin=JDC1-1
Removed Pin From Net: NetName=GND Pin=JDC1-2
Removed Pin From Net: NetName=GND Pin=JDC1-3
Removed Member From Class: ClassName=Sheet2 Member=JDC1
Change Component Footprint: Designator=LED2 Old Footprint=LED 0805 New Footprint=Header2
Change Component Footprint: Designator=SW3 Old Footprint=SW1-SMD New Footprint=Header2
Change Component Designator: OldDesignator=C8 NewDesignator=C9
Change Component Designator: OldDesignator=C9 NewDesignator=C10
Change Component Designator: OldDesignator=C10 NewDesignator=C11
Change Component Designator: OldDesignator=C11 NewDesignator=C12
Change Component Designator: OldDesignator=C12 NewDesignator=C13
Change Component Designator: OldDesignator=C13 NewDesignator=C14
Change Component Designator: OldDesignator=C14 NewDesignator=C15
Change Component Designator: OldDesignator=C15 NewDesignator=C16
Change Component Designator: OldDesignator=C16 NewDesignator=C17
Change Component Designator: OldDesignator=C17 NewDesignator=C18
Added Component: Designator=C8(Header2)
Add component. Clean all parameters for all variants
Add component (AddParameter): Name = "ComponentLink1 Description"; Value = "Manufacturer"; VariantName = "[No Variations]"
Add component (AddParameter): Name = "ComponentLink1URL"; Value = "http://www.we-online.com"; VariantName = "[No Variations]"
Add component (AddParameter): Name = "ComponentLink2 Description"; Value = "Datasheet"; VariantName = "[No Variations]"
Add component (AddParameter): Name = "ComponentLink2URL"; Value = "http://katalog.we-online.de/em/datasheet/6130xx143121.pdf"; VariantName = "[No Variations]"
Add component (AddParameter): Name = "Created by"; Value = "Karrer Zheng"; VariantName = "[No Variations]"
Add component (AddParameter): Name = "Created Date"; Value = "29 March 2013"; VariantName = "[No Variations]"
Add component (AddParameter): Name = "Manufacturer"; Value = "W¨¹rth Elektronik eiSos GmbH"; VariantName = "[No Variations]"
Add component (AddParameter): Name = "NoPins"; Value = "02"; VariantName = "[No Variations]"
Add component (AddParameter): Name = "partNo"; Value = "613002143121"; VariantName = "[No Variations]"
Added Pin To Net: NetName=GND Pin=C8-1
Added Pin To Net: NetName=Vin Pin=C8-2
Change Net Name : Old Net Name=NetC14_1 New Net Name=NetC15_1
Change Net Name : Old Net Name=NetC16_1 New Net Name=NetC17_1
Change Net Name : Old Net Name=NetC17_1 New Net Name=NetC18_1
Added Member To Class: ClassName=Sheet2 Member=Component C18 104
Added Room: Name=Sheet2
