Change Component Designator: OldDesignator=SW2 NewDesignator=SW1
Change Component Designator: OldDesignator=SW3 NewDesignator=SW2
Change Component Designator: OldDesignator=SW4 NewDesignator=SW3
Added Component: Designator=Q1(SOT23B)
Add component. Clean all parameters for all variants
Add component (AddParameter): Name = ""; Value = "C2383"; VariantName = "[No Variations]"
Add component (AddParameter): Name = "Value"; Value = "C1815"; VariantName = "[No Variations]"
Added Component: Designator=SW4(Header2)
Add component. Clean all parameters for all variants
Add component (AddParameter): Name = "Value"; Value = "SW chip 2 pin"; VariantName = "[No Variations]"
Added Component: Designator=U1(SOT23B)
Add component. Clean all parameters for all variants
Added Component: Designator=U3(SOT23B)
Add component. Clean all parameters for all variants
Added Component: Designator=U4(SOT23B)
Add component. Clean all parameters for all variants
Added Component: Designator=U5(SOT23B)
Add component. Clean all parameters for all variants
Added Component: Designator=U6(SOT23B)
Add component. Clean all parameters for all variants
Added Pin To Net: NetName=GND Pin=Q1-1
Added Pin To Net: NetName=NetQ1_2 Pin=Q1-2
Added Pin To Net: NetName=NetQ1_3 Pin=Q1-3
Added Pin To Net: NetName=GND Pin=SW4-2
Added Pin To Net: NetName=VCC Pin=U1-1
Added Pin To Net: NetName=NetC1_1 Pin=U1-2
Added Pin To Net: NetName=NetR2_1 Pin=U1-3
Added Pin To Net: NetName=VCC Pin=U3-1
Added Pin To Net: NetName=NetC17_1 Pin=U3-2
Added Pin To Net: NetName=NetR9_1 Pin=U3-3
Added Pin To Net: NetName=VCC Pin=U4-1
Added Pin To Net: NetName=NetC18_1 Pin=U4-2
Added Pin To Net: NetName=NetR10_1 Pin=U4-3
Added Pin To Net: NetName=Vin Pin=U5-1
Added Pin To Net: NetName=NetJ3_1 Pin=U5-2
Added Pin To Net: NetName=NetR11_1 Pin=U5-3
Added Pin To Net: NetName=VCC Pin=U6-1
Added Pin To Net: NetName=NetC15_1 Pin=U6-2
Added Pin To Net: NetName=NetQ1_2 Pin=U6-3
Change Net Name : Old Net Name=NetSW4_2 New Net Name=NetSW3_2
Added Pin To Net: NetName=NetIC1_45 Pin=IC1-45
Added Pin To Net: NetName=NetIC1_45 Pin=SW4-1
Added Net: Name=NetIC1_45
Added Member To Class: ClassName=Sheet2 Member=Component Q1 HF
Added Member To Class: ClassName=Sheet2 Member=Component SW4 RST
Added Member To Class: ClassName=Sheet2 Member=Component U1 AO3415
Added Member To Class: ClassName=Sheet2 Member=Component U3 AO3415
Added Member To Class: ClassName=Sheet2 Member=Component U4 AO3415
Added Member To Class: ClassName=Sheet2 Member=Component U5 AO3415
Added Member To Class: ClassName=Sheet2 Member=Component U6 AFCP
Added Room: Name=Sheet2
