Added Component: Designator=Q1(SOT23B)
Add component. Clean all parameters for all variants
Add component (AddParameter): Name = ""; Value = "C2383"; VariantName = "[No Variations]"
Add component (AddParameter): Name = "Value"; Value = "C1815"; VariantName = "[No Variations]"
Added Component: Designator=R2(RES 0805/2012)
Add component. Clean all parameters for all variants
Add component (AddParameter): Name = "Value"; Value = "1K"; VariantName = "[No Variations]"
Added Component: Designator=R5(RES 0805/2012)
Add component. Clean all parameters for all variants
Add component (AddParameter): Name = "Value"; Value = "1K"; VariantName = "[No Variations]"
Added Component: Designator=R8(RES 0805/2012)
Add component. Clean all parameters for all variants
Add component (AddParameter): Name = "Value"; Value = "1K"; VariantName = "[No Variations]"
Added Component: Designator=R9(RES 0805/2012)
Add component. Clean all parameters for all variants
Add component (AddParameter): Name = "Value"; Value = "1K"; VariantName = "[No Variations]"
Added Component: Designator=R10(RES 0805/2012)
Add component. Clean all parameters for all variants
Add component (AddParameter): Name = "Value"; Value = "1K"; VariantName = "[No Variations]"
Added Component: Designator=R11(RES 0805/2012)
Add component. Clean all parameters for all variants
Add component (AddParameter): Name = "Value"; Value = "1K"; VariantName = "[No Variations]"
Added Component: Designator=R12(RES 0805/2012)
Add component. Clean all parameters for all variants
Add component (AddParameter): Name = "Value"; Value = "1K"; VariantName = "[No Variations]"
Added Component: Designator=R13(RES 0805/2012)
Add component. Clean all parameters for all variants
Add component (AddParameter): Name = "Value"; Value = "1K"; VariantName = "[No Variations]"
Added Component: Designator=R14(RES 0805/2012)
Add component. Clean all parameters for all variants
Add component (AddParameter): Name = "Value"; Value = "1K"; VariantName = "[No Variations]"
Added Component: Designator=U1(SOT23B)
Add component. Clean all parameters for all variants
Added Component: Designator=U3(SOT23B)
Add component. Clean all parameters for all variants
Added Component: Designator=U4(SOT23B)
Add component. Clean all parameters for all variants
Added Component: Designator=U5(SOT23B)
Add component. Clean all parameters for all variants
Added Component: Designator=U6(SOT23B)
Add component. Clean all parameters for all variants
Added Pin To Net: NetName=GND Pin=Q1-1
Added Pin To Net: NetName=NetQ1_2 Pin=Q1-2
Added Pin To Net: NetName=NetQ1_3 Pin=Q1-3
Added Pin To Net: NetName=NetR2_1 Pin=R2-1
Added Pin To Net: NetName=RH_EN Pin=R2-2
Added Pin To Net: NetName=NetIC1_20 Pin=R5-1
Added Pin To Net: NetName=GND Pin=R5-2
Added Pin To Net: NetName=NetQ1_2 Pin=R8-1
Added Pin To Net: NetName=Vin Pin=R8-2
Added Pin To Net: NetName=NetR9_1 Pin=R9-1
Added Pin To Net: NetName=SHT75_EN Pin=R9-2
Added Pin To Net: NetName=NetR10_1 Pin=R10-1
Added Pin To Net: NetName=I2C_EN Pin=R10-2
Added Pin To Net: NetName=NetR11_1 Pin=R11-1
Added Pin To Net: NetName=MOSITURE EN Pin=R11-2
Added Pin To Net: NetName=NetQ1_3 Pin=R12-1
Added Pin To Net: NetName=ADC_EN Pin=R12-2
Added Pin To Net: NetName=DATA Pin=R13-1
Added Pin To Net: NetName=VCC Pin=R13-2
Added Pin To Net: NetName=SCK Pin=R14-1
Added Pin To Net: NetName=VCC Pin=R14-2
Added Pin To Net: NetName=VCC Pin=U1-1
Added Pin To Net: NetName=NetC1_1 Pin=U1-2
Added Pin To Net: NetName=NetR2_1 Pin=U1-3
Added Pin To Net: NetName=VCC Pin=U3-1
Added Pin To Net: NetName=NetC17_1 Pin=U3-2
Added Pin To Net: NetName=NetR9_1 Pin=U3-3
Added Pin To Net: NetName=VCC Pin=U4-1
Added Pin To Net: NetName=NetC18_1 Pin=U4-2
Added Pin To Net: NetName=NetR10_1 Pin=U4-3
Added Pin To Net: NetName=Vin Pin=U5-1
Added Pin To Net: NetName=NetJ3_1 Pin=U5-2
Added Pin To Net: NetName=NetR11_1 Pin=U5-3
Added Pin To Net: NetName=VCC Pin=U6-1
Added Pin To Net: NetName=NetC15_1 Pin=U6-2
Added Pin To Net: NetName=NetQ1_2 Pin=U6-3
Added Member To Class: ClassName=Sheet2 Member=Component Q1 HF
Added Member To Class: ClassName=Sheet2 Member=Component R2 100
Added Member To Class: ClassName=Sheet2 Member=Component R5 10K
Added Member To Class: ClassName=Sheet2 Member=Component R8 10K
Added Member To Class: ClassName=Sheet2 Member=Component R9 100
Added Member To Class: ClassName=Sheet2 Member=Component R10 100
Added Member To Class: ClassName=Sheet2 Member=Component R11 100
Added Member To Class: ClassName=Sheet2 Member=Component R12 100
Added Member To Class: ClassName=Sheet2 Member=Component R13 10K
Added Member To Class: ClassName=Sheet2 Member=Component R14 10K
Added Member To Class: ClassName=Sheet2 Member=Component U1 AO3415
Added Member To Class: ClassName=Sheet2 Member=Component U3 AO3415
Added Member To Class: ClassName=Sheet2 Member=Component U4 AO3415
Added Member To Class: ClassName=Sheet2 Member=Component U5 AO3415
Added Member To Class: ClassName=Sheet2 Member=Component U6 AFCP
