Change Component Designator: Old Designator=C8 New Designator=C10
Change Component Designator: Old Designator=C9 New Designator=C12
Change Component Designator: Old Designator=C10 New Designator=C13
Change Component Designator: Old Designator=C11 New Designator=C14
Change Component Designator: Old Designator=C12 New Designator=C15
Change Component Designator: Old Designator=C13 New Designator=C16
Change Component Designator: Old Designator=C14 New Designator=C17
Change Component Designator: Old Designator=C15 New Designator=C8
Change Component Designator: Old Designator=C16 New Designator=C9
Change Component Designator: Old Designator=C17 New Designator=C11
Change Component Designator: Old Designator=DIO? New Designator=DIO1
Change Component Designator: Old Designator=J2 New Designator=J3
Change Component Designator: Old Designator=J3 New Designator=J4
Change Component Designator: Old Designator=J4 New Designator=J2
Change Component Designator: Old Designator=R6 New Designator=R7
Change Component Designator: Old Designator=R7 New Designator=R6
Change Component Designator: Old Designator=R10 New Designator=R13
Change Component Designator: Old Designator=R11 New Designator=R14
Change Component Designator: Old Designator=R12 New Designator=R10
Change Component Designator: Old Designator=R13 New Designator=R11
Change Component Designator: Old Designator=R14 New Designator=R12
Change Component Designator: Old Designator=U4 New Designator=U5
Change Component Designator: Old Designator=U5 New Designator=U6
Change Component Designator: Old Designator=U6 New Designator=U4
